<?xml version="1.0" encoding="UTF-8"?>
<testsuite name="com.line.Parser.HospitalParserTest" tests="2" skipped="0" failures="0" errors="0" timestamp="2022-10-21T05:03:11" hostname="DESKTOP-2JTKRIK" time="0.14">
  <properties/>
  <testcase name="Parsing doing well" classname="com.line.Parser.HospitalParserTest" time="0.132"/>
  <testcase name="insert쿼리를 잘 만드는지 test" classname="com.line.Parser.HospitalParserTest" time="0.002"/>
  <system-out><![CDATA[]]></system-out>
  <system-err><![CDATA[]]></system-err>
</testsuite>
