<?xml version="1.0" encoding="UTF-8"?>
<testsuite name="com.line.Parser.HospitalParserTest" tests="1" skipped="0" failures="0" errors="0" timestamp="2022-10-13T02:11:40" hostname="DESKTOP-2JTKRIK" time="0.032">
  <properties/>
  <testcase name="ID가 파싱이 잘 되는지" classname="com.line.Parser.HospitalParserTest" time="0.032"/>
  <system-out><![CDATA[]]></system-out>
  <system-err><![CDATA[]]></system-err>
</testsuite>
